<?xml version="1.0" encoding="UTF-8"?>
<testsuite xmlns:xsi="http://www.w3.org/2001/XMLSchema-instance" xsi:noNamespaceSchemaLocation="https://maven.apache.org/surefire/maven-surefire-plugin/xsd/surefire-test-report-3.0.xsd" version="3.0" name="TestSuite" time="23.949" tests="4" errors="0" skipped="0" failures="2">
  <properties>
    <property name="gopherProxySet" value="false"/>
    <property name="awt.toolkit" value="sun.lwawt.macosx.LWCToolkit"/>
    <property name="file.encoding.pkg" value="sun.io"/>
    <property name="java.specification.version" value="1.8"/>
    <property name="webdriver.chrome.driver" value="/usr/local/bin/chromedriver"/>
    <property name="sun.cpu.isalist" value=""/>
    <property name="sun.jnu.encoding" value="UTF-8"/>
    <property name="java.class.path" value="/Users/mcadmin/IdeaProjects/HybridFramework/target/test-classes:/Users/mcadmin/IdeaProjects/HybridFramework/target/classes:/Users/mcadmin/.m2/repository/org/testng/testng/7.4.0/testng-7.4.0.jar:/Users/mcadmin/.m2/repository/com/beust/jcommander/1.78/jcommander-1.78.jar:/Users/mcadmin/.m2/repository/org/webjars/jquery/3.5.1/jquery-3.5.1.jar:/Users/mcadmin/.m2/repository/io/rest-assured/rest-assured/5.3.0/rest-assured-5.3.0.jar:/Users/mcadmin/.m2/repository/org/apache/groovy/groovy/4.0.6/groovy-4.0.6.jar:/Users/mcadmin/.m2/repository/org/apache/groovy/groovy-xml/4.0.6/groovy-xml-4.0.6.jar:/Users/mcadmin/.m2/repository/org/apache/httpcomponents/httpclient/4.5.13/httpclient-4.5.13.jar:/Users/mcadmin/.m2/repository/org/apache/httpcomponents/httpcore/4.4.13/httpcore-4.4.13.jar:/Users/mcadmin/.m2/repository/commons-logging/commons-logging/1.2/commons-logging-1.2.jar:/Users/mcadmin/.m2/repository/org/apache/httpcomponents/httpmime/4.5.13/httpmime-4.5.13.jar:/Users/mcadmin/.m2/repository/org/hamcrest/hamcrest/2.1/hamcrest-2.1.jar:/Users/mcadmin/.m2/repository/org/ccil/cowan/tagsoup/tagsoup/1.2.1/tagsoup-1.2.1.jar:/Users/mcadmin/.m2/repository/io/rest-assured/json-path/5.3.0/json-path-5.3.0.jar:/Users/mcadmin/.m2/repository/org/apache/groovy/groovy-json/4.0.6/groovy-json-4.0.6.jar:/Users/mcadmin/.m2/repository/io/rest-assured/rest-assured-common/5.3.0/rest-assured-common-5.3.0.jar:/Users/mcadmin/.m2/repository/io/rest-assured/xml-path/5.3.0/xml-path-5.3.0.jar:/Users/mcadmin/.m2/repository/org/apache/commons/commons-lang3/3.11/commons-lang3-3.11.jar:/Users/mcadmin/.m2/repository/org/seleniumhq/selenium/selenium-java/4.8.3/selenium-java-4.8.3.jar:/Users/mcadmin/.m2/repository/org/seleniumhq/selenium/selenium-api/4.8.3/selenium-api-4.8.3.jar:/Users/mcadmin/.m2/repository/org/seleniumhq/selenium/selenium-chrome-driver/4.8.3/selenium-chrome-driver-4.8.3.jar:/Users/mcadmin/.m2/repository/com/google/auto/service/auto-service-annotations/1.0.1/auto-service-annotations-1.0.1.jar:/Users/mcadmin/.m2/repository/com/google/auto/service/auto-service/1.0.1/auto-service-1.0.1.jar:/Users/mcadmin/.m2/repository/com/google/auto/auto-common/1.2/auto-common-1.2.jar:/Users/mcadmin/.m2/repository/com/google/guava/guava/31.1-jre/guava-31.1-jre.jar:/Users/mcadmin/.m2/repository/com/google/guava/failureaccess/1.0.1/failureaccess-1.0.1.jar:/Users/mcadmin/.m2/repository/com/google/guava/listenablefuture/9999.0-empty-to-avoid-conflict-with-guava/listenablefuture-9999.0-empty-to-avoid-conflict-with-guava.jar:/Users/mcadmin/.m2/repository/com/google/code/findbugs/jsr305/3.0.2/jsr305-3.0.2.jar:/Users/mcadmin/.m2/repository/org/checkerframework/checker-qual/3.12.0/checker-qual-3.12.0.jar:/Users/mcadmin/.m2/repository/com/google/errorprone/error_prone_annotations/2.11.0/error_prone_annotations-2.11.0.jar:/Users/mcadmin/.m2/repository/com/google/j2objc/j2objc-annotations/1.3/j2objc-annotations-1.3.jar:/Users/mcadmin/.m2/repository/org/seleniumhq/selenium/selenium-chromium-driver/4.8.3/selenium-chromium-driver-4.8.3.jar:/Users/mcadmin/.m2/repository/org/seleniumhq/selenium/selenium-json/4.8.3/selenium-json-4.8.3.jar:/Users/mcadmin/.m2/repository/org/seleniumhq/selenium/selenium-manager/4.8.3/selenium-manager-4.8.3.jar:/Users/mcadmin/.m2/repository/org/seleniumhq/selenium/selenium-devtools-v109/4.8.3/selenium-devtools-v109-4.8.3.jar:/Users/mcadmin/.m2/repository/org/seleniumhq/selenium/selenium-devtools-v110/4.8.3/selenium-devtools-v110-4.8.3.jar:/Users/mcadmin/.m2/repository/org/seleniumhq/selenium/selenium-devtools-v111/4.8.3/selenium-devtools-v111-4.8.3.jar:/Users/mcadmin/.m2/repository/org/seleniumhq/selenium/selenium-devtools-v85/4.8.3/selenium-devtools-v85-4.8.3.jar:/Users/mcadmin/.m2/repository/org/seleniumhq/selenium/selenium-edge-driver/4.8.3/selenium-edge-driver-4.8.3.jar:/Users/mcadmin/.m2/repository/org/seleniumhq/selenium/selenium-firefox-driver/4.8.3/selenium-firefox-driver-4.8.3.jar:/Users/mcadmin/.m2/repository/org/seleniumhq/selenium/selenium-http/4.8.3/selenium-http-4.8.3.jar:/Users/mcadmin/.m2/repository/dev/failsafe/failsafe/3.3.1/failsafe-3.3.1.jar:/Users/mcadmin/.m2/repository/org/seleniumhq/selenium/selenium-ie-driver/4.8.3/selenium-ie-driver-4.8.3.jar:/Users/mcadmin/.m2/repository/org/seleniumhq/selenium/selenium-remote-driver/4.8.3/selenium-remote-driver-4.8.3.jar:/Users/mcadmin/.m2/repository/io/netty/netty-buffer/4.1.90.Final/netty-buffer-4.1.90.Final.jar:/Users/mcadmin/.m2/repository/io/netty/netty-codec-http/4.1.90.Final/netty-codec-http-4.1.90.Final.jar:/Users/mcadmin/.m2/repository/io/netty/netty-codec/4.1.90.Final/netty-codec-4.1.90.Final.jar:/Users/mcadmin/.m2/repository/io/netty/netty-handler/4.1.90.Final/netty-handler-4.1.90.Final.jar:/Users/mcadmin/.m2/repository/io/netty/netty-common/4.1.90.Final/netty-common-4.1.90.Final.jar:/Users/mcadmin/.m2/repository/io/netty/netty-transport-classes-epoll/4.1.90.Final/netty-transport-classes-epoll-4.1.90.Final.jar:/Users/mcadmin/.m2/repository/io/netty/netty-transport-classes-kqueue/4.1.90.Final/netty-transport-classes-kqueue-4.1.90.Final.jar:/Users/mcadmin/.m2/repository/io/netty/netty-transport-native-epoll/4.1.90.Final/netty-transport-native-epoll-4.1.90.Final.jar:/Users/mcadmin/.m2/repository/io/netty/netty-transport-native-kqueue/4.1.90.Final/netty-transport-native-kqueue-4.1.90.Final.jar:/Users/mcadmin/.m2/repository/io/netty/netty-transport-native-unix-common/4.1.90.Final/netty-transport-native-unix-common-4.1.90.Final.jar:/Users/mcadmin/.m2/repository/io/netty/netty-transport/4.1.90.Final/netty-transport-4.1.90.Final.jar:/Users/mcadmin/.m2/repository/io/netty/netty-resolver/4.1.90.Final/netty-resolver-4.1.90.Final.jar:/Users/mcadmin/.m2/repository/io/opentelemetry/opentelemetry-api/1.24.0/opentelemetry-api-1.24.0.jar:/Users/mcadmin/.m2/repository/io/opentelemetry/opentelemetry-context/1.24.0/opentelemetry-context-1.24.0.jar:/Users/mcadmin/.m2/repository/io/opentelemetry/opentelemetry-exporter-logging/1.24.0/opentelemetry-exporter-logging-1.24.0.jar:/Users/mcadmin/.m2/repository/io/opentelemetry/opentelemetry-sdk-metrics/1.24.0/opentelemetry-sdk-metrics-1.24.0.jar:/Users/mcadmin/.m2/repository/io/opentelemetry/opentelemetry-sdk-logs/1.24.0-alpha/opentelemetry-sdk-logs-1.24.0-alpha.jar:/Users/mcadmin/.m2/repository/io/opentelemetry/opentelemetry-api-logs/1.24.0-alpha/opentelemetry-api-logs-1.24.0-alpha.jar:/Users/mcadmin/.m2/repository/io/opentelemetry/opentelemetry-api-events/1.24.0-alpha/opentelemetry-api-events-1.24.0-alpha.jar:/Users/mcadmin/.m2/repository/io/opentelemetry/opentelemetry-sdk-common/1.24.0/opentelemetry-sdk-common-1.24.0.jar:/Users/mcadmin/.m2/repository/io/opentelemetry/opentelemetry-sdk-extension-autoconfigure-spi/1.24.0/opentelemetry-sdk-extension-autoconfigure-spi-1.24.0.jar:/Users/mcadmin/.m2/repository/io/opentelemetry/opentelemetry-sdk-extension-autoconfigure/1.24.0-alpha/opentelemetry-sdk-extension-autoconfigure-1.24.0-alpha.jar:/Users/mcadmin/.m2/repository/io/opentelemetry/opentelemetry-sdk-trace/1.24.0/opentelemetry-sdk-trace-1.24.0.jar:/Users/mcadmin/.m2/repository/io/opentelemetry/opentelemetry-sdk/1.24.0/opentelemetry-sdk-1.24.0.jar:/Users/mcadmin/.m2/repository/io/opentelemetry/opentelemetry-semconv/1.24.0-alpha/opentelemetry-semconv-1.24.0-alpha.jar:/Users/mcadmin/.m2/repository/io/ous/jtoml/2.0.0/jtoml-2.0.0.jar:/Users/mcadmin/.m2/repository/net/bytebuddy/byte-buddy/1.14.2/byte-buddy-1.14.2.jar:/Users/mcadmin/.m2/repository/org/apache/commons/commons-exec/1.3/commons-exec-1.3.jar:/Users/mcadmin/.m2/repository/org/asynchttpclient/async-http-client/2.12.3/async-http-client-2.12.3.jar:/Users/mcadmin/.m2/repository/org/asynchttpclient/async-http-client-netty-utils/2.12.3/async-http-client-netty-utils-2.12.3.jar:/Users/mcadmin/.m2/repository/io/netty/netty-codec-socks/4.1.60.Final/netty-codec-socks-4.1.60.Final.jar:/Users/mcadmin/.m2/repository/io/netty/netty-handler-proxy/4.1.60.Final/netty-handler-proxy-4.1.60.Final.jar:/Users/mcadmin/.m2/repository/io/netty/netty-transport-native-epoll/4.1.60.Final/netty-transport-native-epoll-4.1.60.Final-linux-x86_64.jar:/Users/mcadmin/.m2/repository/io/netty/netty-transport-native-kqueue/4.1.60.Final/netty-transport-native-kqueue-4.1.60.Final-osx-x86_64.jar:/Users/mcadmin/.m2/repository/org/reactivestreams/reactive-streams/1.0.3/reactive-streams-1.0.3.jar:/Users/mcadmin/.m2/repository/com/typesafe/netty/netty-reactive-streams/2.0.4/netty-reactive-streams-2.0.4.jar:/Users/mcadmin/.m2/repository/org/slf4j/slf4j-api/1.7.30/slf4j-api-1.7.30.jar:/Users/mcadmin/.m2/repository/com/sun/activation/jakarta.activation/1.2.2/jakarta.activation-1.2.2.jar:/Users/mcadmin/.m2/repository/org/seleniumhq/selenium/selenium-safari-driver/4.8.3/selenium-safari-driver-4.8.3.jar:/Users/mcadmin/.m2/repository/org/seleniumhq/selenium/selenium-support/4.8.3/selenium-support-4.8.3.jar:/Users/mcadmin/.m2/repository/org/apache/maven/plugins/maven-surefire-report-plugin/3.0.0/maven-surefire-report-plugin-3.0.0.jar:/Users/mcadmin/.m2/repository/org/apache/maven/surefire/surefire-report-parser/3.0.0/surefire-report-parser-3.0.0.jar:/Users/mcadmin/.m2/repository/org/apache/maven/surefire/surefire-logger-api/3.0.0/surefire-logger-api-3.0.0.jar:/Users/mcadmin/.m2/repository/org/apache/maven/shared/maven-shared-utils/3.3.4/maven-shared-utils-3.3.4.jar:/Users/mcadmin/.m2/repository/org/apache/maven/doxia/doxia-sink-api/1.11.1/doxia-sink-api-1.11.1.jar:/Users/mcadmin/.m2/repository/org/apache/maven/doxia/doxia-logging-api/1.11.1/doxia-logging-api-1.11.1.jar:/Users/mcadmin/.m2/repository/org/apache/maven/doxia/doxia-core/1.11.1/doxia-core-1.11.1.jar:/Users/mcadmin/.m2/repository/org/codehaus/plexus/plexus-utils/3.3.0/plexus-utils-3.3.0.jar:/Users/mcadmin/.m2/repository/org/codehaus/plexus/plexus-container-default/2.1.0/plexus-container-default-2.1.0.jar:/Users/mcadmin/.m2/repository/org/codehaus/plexus/plexus-classworlds/2.6.0/plexus-classworlds-2.6.0.jar:/Users/mcadmin/.m2/repository/org/apache/xbean/xbean-reflect/3.7/xbean-reflect-3.7.jar:/Users/mcadmin/.m2/repository/com/google/collections/google-collections/1.0/google-collections-1.0.jar:/Users/mcadmin/.m2/repository/org/codehaus/plexus/plexus-component-annotations/2.1.0/plexus-component-annotations-2.1.0.jar:/Users/mcadmin/.m2/repository/org/apache/commons/commons-text/1.3/commons-text-1.3.jar:/Users/mcadmin/.m2/repository/org/apache/maven/reporting/maven-reporting-api/3.1.1/maven-reporting-api-3.1.1.jar:/Users/mcadmin/.m2/repository/org/apache/maven/reporting/maven-reporting-impl/3.2.0/maven-reporting-impl-3.2.0.jar:/Users/mcadmin/.m2/repository/org/apache/maven/maven-artifact/3.1.0/maven-artifact-3.1.0.jar:/Users/mcadmin/.m2/repository/org/apache/maven/doxia/doxia-decoration-model/1.11.1/doxia-decoration-model-1.11.1.jar:/Users/mcadmin/.m2/repository/org/apache/maven/doxia/doxia-integration-tools/1.11.1/doxia-integration-tools-1.11.1.jar:/Users/mcadmin/.m2/repository/org/apache/maven/maven-model/2.2.1/maven-model-2.2.1.jar:/Users/mcadmin/.m2/repository/org/codehaus/plexus/plexus-i18n/1.0-beta-10/plexus-i18n-1.0-beta-10.jar:/Users/mcadmin/.m2/repository/org/codehaus/plexus/plexus-interpolation/1.26/plexus-interpolation-1.26.jar:/Users/mcadmin/.m2/repository/org/apache/maven/doxia/doxia-site-renderer/1.11.1/doxia-site-renderer-1.11.1.jar:/Users/mcadmin/.m2/repository/org/apache/maven/doxia/doxia-skin-model/1.11.1/doxia-skin-model-1.11.1.jar:/Users/mcadmin/.m2/repository/org/apache/maven/doxia/doxia-module-xhtml/1.11.1/doxia-module-xhtml-1.11.1.jar:/Users/mcadmin/.m2/repository/org/apache/maven/doxia/doxia-module-xhtml5/1.11.1/doxia-module-xhtml5-1.11.1.jar:/Users/mcadmin/.m2/repository/org/codehaus/plexus/plexus-velocity/1.2/plexus-velocity-1.2.jar:/Users/mcadmin/.m2/repository/org/apache/velocity/velocity/1.7/velocity-1.7.jar:/Users/mcadmin/.m2/repository/commons-lang/commons-lang/2.4/commons-lang-2.4.jar:/Users/mcadmin/.m2/repository/org/apache/velocity/velocity-tools/2.0/velocity-tools-2.0.jar:/Users/mcadmin/.m2/repository/commons-beanutils/commons-beanutils/1.7.0/commons-beanutils-1.7.0.jar:/Users/mcadmin/.m2/repository/commons-digester/commons-digester/1.8/commons-digester-1.8.jar:/Users/mcadmin/.m2/repository/commons-chain/commons-chain/1.1/commons-chain-1.1.jar:/Users/mcadmin/.m2/repository/dom4j/dom4j/1.1/dom4j-1.1.jar:/Users/mcadmin/.m2/repository/oro/oro/2.0.8/oro-2.0.8.jar:/Users/mcadmin/.m2/repository/commons-collections/commons-collections/3.2.2/commons-collections-3.2.2.jar:/Users/mcadmin/.m2/repository/org/apache/poi/poi/5.2.3/poi-5.2.3.jar:/Users/mcadmin/.m2/repository/commons-codec/commons-codec/1.15/commons-codec-1.15.jar:/Users/mcadmin/.m2/repository/org/apache/commons/commons-collections4/4.4/commons-collections4-4.4.jar:/Users/mcadmin/.m2/repository/org/apache/commons/commons-math3/3.6.1/commons-math3-3.6.1.jar:/Users/mcadmin/.m2/repository/commons-io/commons-io/2.11.0/commons-io-2.11.0.jar:/Users/mcadmin/.m2/repository/com/zaxxer/SparseBitSet/1.2/SparseBitSet-1.2.jar:/Users/mcadmin/.m2/repository/org/apache/logging/log4j/log4j-api/2.18.0/log4j-api-2.18.0.jar:/Users/mcadmin/.m2/repository/org/apache/poi/poi-ooxml/5.2.3/poi-ooxml-5.2.3.jar:/Users/mcadmin/.m2/repository/org/apache/poi/poi-ooxml-lite/5.2.3/poi-ooxml-lite-5.2.3.jar:/Users/mcadmin/.m2/repository/org/apache/xmlbeans/xmlbeans/5.1.1/xmlbeans-5.1.1.jar:/Users/mcadmin/.m2/repository/xml-apis/xml-apis/1.4.01/xml-apis-1.4.01.jar:/Users/mcadmin/.m2/repository/org/apache/commons/commons-compress/1.21/commons-compress-1.21.jar:/Users/mcadmin/.m2/repository/com/github/virtuald/curvesapi/1.07/curvesapi-1.07.jar:/Users/mcadmin/.m2/repository/org/apache/poi/ooxml-schemas/1.4/ooxml-schemas-1.4.jar:/Users/mcadmin/.m2/repository/com/aventstack/extentreports/4.0.9/extentreports-4.0.9.jar:/Users/mcadmin/.m2/repository/org/freemarker/freemarker/2.3.23/freemarker-2.3.23.jar:/Users/mcadmin/.m2/repository/org/mongodb/mongodb-driver/3.3.0/mongodb-driver-3.3.0.jar:/Users/mcadmin/.m2/repository/org/mongodb/mongodb-driver-core/3.3.0/mongodb-driver-core-3.3.0.jar:/Users/mcadmin/.m2/repository/org/mongodb/bson/3.3.0/bson-3.3.0.jar:/Users/mcadmin/.m2/repository/com/google/code/gson/gson/2.8.5/gson-2.8.5.jar:/Users/mcadmin/.m2/repository/log4j/log4j/1.2.17/log4j-1.2.17.jar:"/>
    <property name="java.vm.vendor" value="Oracle Corporation"/>
    <property name="sun.arch.data.model" value="64"/>
    <property name="java.vendor.url" value="http://java.oracle.com/"/>
    <property name="user.timezone" value="America/New_York"/>
    <property name="java.vm.specification.version" value="1.8"/>
    <property name="os.name" value="Mac OS X"/>
    <property name="user.country" value="US"/>
    <property name="sun.java.launcher" value="SUN_STANDARD"/>
    <property name="sun.boot.library.path" value="/Library/Java/JavaVirtualMachines/jdk1.8.0_65.jdk/Contents/Home/jre/lib"/>
    <property name="sun.java.command" value="/Users/mcadmin/IdeaProjects/HybridFramework/target/surefire/surefirebooter-20230615121606010_3.jar /Users/mcadmin/IdeaProjects/HybridFramework/target/surefire 2023-06-15T12-16-05_312-jvmRun1 surefire-20230615121606010_1tmp surefire_0-20230615121606010_2tmp"/>
    <property name="surefire.test.class.path" value="/Users/mcadmin/IdeaProjects/HybridFramework/target/test-classes:/Users/mcadmin/IdeaProjects/HybridFramework/target/classes:/Users/mcadmin/.m2/repository/org/testng/testng/7.4.0/testng-7.4.0.jar:/Users/mcadmin/.m2/repository/com/beust/jcommander/1.78/jcommander-1.78.jar:/Users/mcadmin/.m2/repository/org/webjars/jquery/3.5.1/jquery-3.5.1.jar:/Users/mcadmin/.m2/repository/io/rest-assured/rest-assured/5.3.0/rest-assured-5.3.0.jar:/Users/mcadmin/.m2/repository/org/apache/groovy/groovy/4.0.6/groovy-4.0.6.jar:/Users/mcadmin/.m2/repository/org/apache/groovy/groovy-xml/4.0.6/groovy-xml-4.0.6.jar:/Users/mcadmin/.m2/repository/org/apache/httpcomponents/httpclient/4.5.13/httpclient-4.5.13.jar:/Users/mcadmin/.m2/repository/org/apache/httpcomponents/httpcore/4.4.13/httpcore-4.4.13.jar:/Users/mcadmin/.m2/repository/commons-logging/commons-logging/1.2/commons-logging-1.2.jar:/Users/mcadmin/.m2/repository/org/apache/httpcomponents/httpmime/4.5.13/httpmime-4.5.13.jar:/Users/mcadmin/.m2/repository/org/hamcrest/hamcrest/2.1/hamcrest-2.1.jar:/Users/mcadmin/.m2/repository/org/ccil/cowan/tagsoup/tagsoup/1.2.1/tagsoup-1.2.1.jar:/Users/mcadmin/.m2/repository/io/rest-assured/json-path/5.3.0/json-path-5.3.0.jar:/Users/mcadmin/.m2/repository/org/apache/groovy/groovy-json/4.0.6/groovy-json-4.0.6.jar:/Users/mcadmin/.m2/repository/io/rest-assured/rest-assured-common/5.3.0/rest-assured-common-5.3.0.jar:/Users/mcadmin/.m2/repository/io/rest-assured/xml-path/5.3.0/xml-path-5.3.0.jar:/Users/mcadmin/.m2/repository/org/apache/commons/commons-lang3/3.11/commons-lang3-3.11.jar:/Users/mcadmin/.m2/repository/org/seleniumhq/selenium/selenium-java/4.8.3/selenium-java-4.8.3.jar:/Users/mcadmin/.m2/repository/org/seleniumhq/selenium/selenium-api/4.8.3/selenium-api-4.8.3.jar:/Users/mcadmin/.m2/repository/org/seleniumhq/selenium/selenium-chrome-driver/4.8.3/selenium-chrome-driver-4.8.3.jar:/Users/mcadmin/.m2/repository/com/google/auto/service/auto-service-annotations/1.0.1/auto-service-annotations-1.0.1.jar:/Users/mcadmin/.m2/repository/com/google/auto/service/auto-service/1.0.1/auto-service-1.0.1.jar:/Users/mcadmin/.m2/repository/com/google/auto/auto-common/1.2/auto-common-1.2.jar:/Users/mcadmin/.m2/repository/com/google/guava/guava/31.1-jre/guava-31.1-jre.jar:/Users/mcadmin/.m2/repository/com/google/guava/failureaccess/1.0.1/failureaccess-1.0.1.jar:/Users/mcadmin/.m2/repository/com/google/guava/listenablefuture/9999.0-empty-to-avoid-conflict-with-guava/listenablefuture-9999.0-empty-to-avoid-conflict-with-guava.jar:/Users/mcadmin/.m2/repository/com/google/code/findbugs/jsr305/3.0.2/jsr305-3.0.2.jar:/Users/mcadmin/.m2/repository/org/checkerframework/checker-qual/3.12.0/checker-qual-3.12.0.jar:/Users/mcadmin/.m2/repository/com/google/errorprone/error_prone_annotations/2.11.0/error_prone_annotations-2.11.0.jar:/Users/mcadmin/.m2/repository/com/google/j2objc/j2objc-annotations/1.3/j2objc-annotations-1.3.jar:/Users/mcadmin/.m2/repository/org/seleniumhq/selenium/selenium-chromium-driver/4.8.3/selenium-chromium-driver-4.8.3.jar:/Users/mcadmin/.m2/repository/org/seleniumhq/selenium/selenium-json/4.8.3/selenium-json-4.8.3.jar:/Users/mcadmin/.m2/repository/org/seleniumhq/selenium/selenium-manager/4.8.3/selenium-manager-4.8.3.jar:/Users/mcadmin/.m2/repository/org/seleniumhq/selenium/selenium-devtools-v109/4.8.3/selenium-devtools-v109-4.8.3.jar:/Users/mcadmin/.m2/repository/org/seleniumhq/selenium/selenium-devtools-v110/4.8.3/selenium-devtools-v110-4.8.3.jar:/Users/mcadmin/.m2/repository/org/seleniumhq/selenium/selenium-devtools-v111/4.8.3/selenium-devtools-v111-4.8.3.jar:/Users/mcadmin/.m2/repository/org/seleniumhq/selenium/selenium-devtools-v85/4.8.3/selenium-devtools-v85-4.8.3.jar:/Users/mcadmin/.m2/repository/org/seleniumhq/selenium/selenium-edge-driver/4.8.3/selenium-edge-driver-4.8.3.jar:/Users/mcadmin/.m2/repository/org/seleniumhq/selenium/selenium-firefox-driver/4.8.3/selenium-firefox-driver-4.8.3.jar:/Users/mcadmin/.m2/repository/org/seleniumhq/selenium/selenium-http/4.8.3/selenium-http-4.8.3.jar:/Users/mcadmin/.m2/repository/dev/failsafe/failsafe/3.3.1/failsafe-3.3.1.jar:/Users/mcadmin/.m2/repository/org/seleniumhq/selenium/selenium-ie-driver/4.8.3/selenium-ie-driver-4.8.3.jar:/Users/mcadmin/.m2/repository/org/seleniumhq/selenium/selenium-remote-driver/4.8.3/selenium-remote-driver-4.8.3.jar:/Users/mcadmin/.m2/repository/io/netty/netty-buffer/4.1.90.Final/netty-buffer-4.1.90.Final.jar:/Users/mcadmin/.m2/repository/io/netty/netty-codec-http/4.1.90.Final/netty-codec-http-4.1.90.Final.jar:/Users/mcadmin/.m2/repository/io/netty/netty-codec/4.1.90.Final/netty-codec-4.1.90.Final.jar:/Users/mcadmin/.m2/repository/io/netty/netty-handler/4.1.90.Final/netty-handler-4.1.90.Final.jar:/Users/mcadmin/.m2/repository/io/netty/netty-common/4.1.90.Final/netty-common-4.1.90.Final.jar:/Users/mcadmin/.m2/repository/io/netty/netty-transport-classes-epoll/4.1.90.Final/netty-transport-classes-epoll-4.1.90.Final.jar:/Users/mcadmin/.m2/repository/io/netty/netty-transport-classes-kqueue/4.1.90.Final/netty-transport-classes-kqueue-4.1.90.Final.jar:/Users/mcadmin/.m2/repository/io/netty/netty-transport-native-epoll/4.1.90.Final/netty-transport-native-epoll-4.1.90.Final.jar:/Users/mcadmin/.m2/repository/io/netty/netty-transport-native-kqueue/4.1.90.Final/netty-transport-native-kqueue-4.1.90.Final.jar:/Users/mcadmin/.m2/repository/io/netty/netty-transport-native-unix-common/4.1.90.Final/netty-transport-native-unix-common-4.1.90.Final.jar:/Users/mcadmin/.m2/repository/io/netty/netty-transport/4.1.90.Final/netty-transport-4.1.90.Final.jar:/Users/mcadmin/.m2/repository/io/netty/netty-resolver/4.1.90.Final/netty-resolver-4.1.90.Final.jar:/Users/mcadmin/.m2/repository/io/opentelemetry/opentelemetry-api/1.24.0/opentelemetry-api-1.24.0.jar:/Users/mcadmin/.m2/repository/io/opentelemetry/opentelemetry-context/1.24.0/opentelemetry-context-1.24.0.jar:/Users/mcadmin/.m2/repository/io/opentelemetry/opentelemetry-exporter-logging/1.24.0/opentelemetry-exporter-logging-1.24.0.jar:/Users/mcadmin/.m2/repository/io/opentelemetry/opentelemetry-sdk-metrics/1.24.0/opentelemetry-sdk-metrics-1.24.0.jar:/Users/mcadmin/.m2/repository/io/opentelemetry/opentelemetry-sdk-logs/1.24.0-alpha/opentelemetry-sdk-logs-1.24.0-alpha.jar:/Users/mcadmin/.m2/repository/io/opentelemetry/opentelemetry-api-logs/1.24.0-alpha/opentelemetry-api-logs-1.24.0-alpha.jar:/Users/mcadmin/.m2/repository/io/opentelemetry/opentelemetry-api-events/1.24.0-alpha/opentelemetry-api-events-1.24.0-alpha.jar:/Users/mcadmin/.m2/repository/io/opentelemetry/opentelemetry-sdk-common/1.24.0/opentelemetry-sdk-common-1.24.0.jar:/Users/mcadmin/.m2/repository/io/opentelemetry/opentelemetry-sdk-extension-autoconfigure-spi/1.24.0/opentelemetry-sdk-extension-autoconfigure-spi-1.24.0.jar:/Users/mcadmin/.m2/repository/io/opentelemetry/opentelemetry-sdk-extension-autoconfigure/1.24.0-alpha/opentelemetry-sdk-extension-autoconfigure-1.24.0-alpha.jar:/Users/mcadmin/.m2/repository/io/opentelemetry/opentelemetry-sdk-trace/1.24.0/opentelemetry-sdk-trace-1.24.0.jar:/Users/mcadmin/.m2/repository/io/opentelemetry/opentelemetry-sdk/1.24.0/opentelemetry-sdk-1.24.0.jar:/Users/mcadmin/.m2/repository/io/opentelemetry/opentelemetry-semconv/1.24.0-alpha/opentelemetry-semconv-1.24.0-alpha.jar:/Users/mcadmin/.m2/repository/io/ous/jtoml/2.0.0/jtoml-2.0.0.jar:/Users/mcadmin/.m2/repository/net/bytebuddy/byte-buddy/1.14.2/byte-buddy-1.14.2.jar:/Users/mcadmin/.m2/repository/org/apache/commons/commons-exec/1.3/commons-exec-1.3.jar:/Users/mcadmin/.m2/repository/org/asynchttpclient/async-http-client/2.12.3/async-http-client-2.12.3.jar:/Users/mcadmin/.m2/repository/org/asynchttpclient/async-http-client-netty-utils/2.12.3/async-http-client-netty-utils-2.12.3.jar:/Users/mcadmin/.m2/repository/io/netty/netty-codec-socks/4.1.60.Final/netty-codec-socks-4.1.60.Final.jar:/Users/mcadmin/.m2/repository/io/netty/netty-handler-proxy/4.1.60.Final/netty-handler-proxy-4.1.60.Final.jar:/Users/mcadmin/.m2/repository/io/netty/netty-transport-native-epoll/4.1.60.Final/netty-transport-native-epoll-4.1.60.Final-linux-x86_64.jar:/Users/mcadmin/.m2/repository/io/netty/netty-transport-native-kqueue/4.1.60.Final/netty-transport-native-kqueue-4.1.60.Final-osx-x86_64.jar:/Users/mcadmin/.m2/repository/org/reactivestreams/reactive-streams/1.0.3/reactive-streams-1.0.3.jar:/Users/mcadmin/.m2/repository/com/typesafe/netty/netty-reactive-streams/2.0.4/netty-reactive-streams-2.0.4.jar:/Users/mcadmin/.m2/repository/org/slf4j/slf4j-api/1.7.30/slf4j-api-1.7.30.jar:/Users/mcadmin/.m2/repository/com/sun/activation/jakarta.activation/1.2.2/jakarta.activation-1.2.2.jar:/Users/mcadmin/.m2/repository/org/seleniumhq/selenium/selenium-safari-driver/4.8.3/selenium-safari-driver-4.8.3.jar:/Users/mcadmin/.m2/repository/org/seleniumhq/selenium/selenium-support/4.8.3/selenium-support-4.8.3.jar:/Users/mcadmin/.m2/repository/org/apache/maven/plugins/maven-surefire-report-plugin/3.0.0/maven-surefire-report-plugin-3.0.0.jar:/Users/mcadmin/.m2/repository/org/apache/maven/surefire/surefire-report-parser/3.0.0/surefire-report-parser-3.0.0.jar:/Users/mcadmin/.m2/repository/org/apache/maven/surefire/surefire-logger-api/3.0.0/surefire-logger-api-3.0.0.jar:/Users/mcadmin/.m2/repository/org/apache/maven/shared/maven-shared-utils/3.3.4/maven-shared-utils-3.3.4.jar:/Users/mcadmin/.m2/repository/org/apache/maven/doxia/doxia-sink-api/1.11.1/doxia-sink-api-1.11.1.jar:/Users/mcadmin/.m2/repository/org/apache/maven/doxia/doxia-logging-api/1.11.1/doxia-logging-api-1.11.1.jar:/Users/mcadmin/.m2/repository/org/apache/maven/doxia/doxia-core/1.11.1/doxia-core-1.11.1.jar:/Users/mcadmin/.m2/repository/org/codehaus/plexus/plexus-utils/3.3.0/plexus-utils-3.3.0.jar:/Users/mcadmin/.m2/repository/org/codehaus/plexus/plexus-container-default/2.1.0/plexus-container-default-2.1.0.jar:/Users/mcadmin/.m2/repository/org/codehaus/plexus/plexus-classworlds/2.6.0/plexus-classworlds-2.6.0.jar:/Users/mcadmin/.m2/repository/org/apache/xbean/xbean-reflect/3.7/xbean-reflect-3.7.jar:/Users/mcadmin/.m2/repository/com/google/collections/google-collections/1.0/google-collections-1.0.jar:/Users/mcadmin/.m2/repository/org/codehaus/plexus/plexus-component-annotations/2.1.0/plexus-component-annotations-2.1.0.jar:/Users/mcadmin/.m2/repository/org/apache/commons/commons-text/1.3/commons-text-1.3.jar:/Users/mcadmin/.m2/repository/org/apache/maven/reporting/maven-reporting-api/3.1.1/maven-reporting-api-3.1.1.jar:/Users/mcadmin/.m2/repository/org/apache/maven/reporting/maven-reporting-impl/3.2.0/maven-reporting-impl-3.2.0.jar:/Users/mcadmin/.m2/repository/org/apache/maven/maven-artifact/3.1.0/maven-artifact-3.1.0.jar:/Users/mcadmin/.m2/repository/org/apache/maven/doxia/doxia-decoration-model/1.11.1/doxia-decoration-model-1.11.1.jar:/Users/mcadmin/.m2/repository/org/apache/maven/doxia/doxia-integration-tools/1.11.1/doxia-integration-tools-1.11.1.jar:/Users/mcadmin/.m2/repository/org/apache/maven/maven-model/2.2.1/maven-model-2.2.1.jar:/Users/mcadmin/.m2/repository/org/codehaus/plexus/plexus-i18n/1.0-beta-10/plexus-i18n-1.0-beta-10.jar:/Users/mcadmin/.m2/repository/org/codehaus/plexus/plexus-interpolation/1.26/plexus-interpolation-1.26.jar:/Users/mcadmin/.m2/repository/org/apache/maven/doxia/doxia-site-renderer/1.11.1/doxia-site-renderer-1.11.1.jar:/Users/mcadmin/.m2/repository/org/apache/maven/doxia/doxia-skin-model/1.11.1/doxia-skin-model-1.11.1.jar:/Users/mcadmin/.m2/repository/org/apache/maven/doxia/doxia-module-xhtml/1.11.1/doxia-module-xhtml-1.11.1.jar:/Users/mcadmin/.m2/repository/org/apache/maven/doxia/doxia-module-xhtml5/1.11.1/doxia-module-xhtml5-1.11.1.jar:/Users/mcadmin/.m2/repository/org/codehaus/plexus/plexus-velocity/1.2/plexus-velocity-1.2.jar:/Users/mcadmin/.m2/repository/org/apache/velocity/velocity/1.7/velocity-1.7.jar:/Users/mcadmin/.m2/repository/commons-lang/commons-lang/2.4/commons-lang-2.4.jar:/Users/mcadmin/.m2/repository/org/apache/velocity/velocity-tools/2.0/velocity-tools-2.0.jar:/Users/mcadmin/.m2/repository/commons-beanutils/commons-beanutils/1.7.0/commons-beanutils-1.7.0.jar:/Users/mcadmin/.m2/repository/commons-digester/commons-digester/1.8/commons-digester-1.8.jar:/Users/mcadmin/.m2/repository/commons-chain/commons-chain/1.1/commons-chain-1.1.jar:/Users/mcadmin/.m2/repository/dom4j/dom4j/1.1/dom4j-1.1.jar:/Users/mcadmin/.m2/repository/oro/oro/2.0.8/oro-2.0.8.jar:/Users/mcadmin/.m2/repository/commons-collections/commons-collections/3.2.2/commons-collections-3.2.2.jar:/Users/mcadmin/.m2/repository/org/apache/poi/poi/5.2.3/poi-5.2.3.jar:/Users/mcadmin/.m2/repository/commons-codec/commons-codec/1.15/commons-codec-1.15.jar:/Users/mcadmin/.m2/repository/org/apache/commons/commons-collections4/4.4/commons-collections4-4.4.jar:/Users/mcadmin/.m2/repository/org/apache/commons/commons-math3/3.6.1/commons-math3-3.6.1.jar:/Users/mcadmin/.m2/repository/commons-io/commons-io/2.11.0/commons-io-2.11.0.jar:/Users/mcadmin/.m2/repository/com/zaxxer/SparseBitSet/1.2/SparseBitSet-1.2.jar:/Users/mcadmin/.m2/repository/org/apache/logging/log4j/log4j-api/2.18.0/log4j-api-2.18.0.jar:/Users/mcadmin/.m2/repository/org/apache/poi/poi-ooxml/5.2.3/poi-ooxml-5.2.3.jar:/Users/mcadmin/.m2/repository/org/apache/poi/poi-ooxml-lite/5.2.3/poi-ooxml-lite-5.2.3.jar:/Users/mcadmin/.m2/repository/org/apache/xmlbeans/xmlbeans/5.1.1/xmlbeans-5.1.1.jar:/Users/mcadmin/.m2/repository/xml-apis/xml-apis/1.4.01/xml-apis-1.4.01.jar:/Users/mcadmin/.m2/repository/org/apache/commons/commons-compress/1.21/commons-compress-1.21.jar:/Users/mcadmin/.m2/repository/com/github/virtuald/curvesapi/1.07/curvesapi-1.07.jar:/Users/mcadmin/.m2/repository/org/apache/poi/ooxml-schemas/1.4/ooxml-schemas-1.4.jar:/Users/mcadmin/.m2/repository/com/aventstack/extentreports/4.0.9/extentreports-4.0.9.jar:/Users/mcadmin/.m2/repository/org/freemarker/freemarker/2.3.23/freemarker-2.3.23.jar:/Users/mcadmin/.m2/repository/org/mongodb/mongodb-driver/3.3.0/mongodb-driver-3.3.0.jar:/Users/mcadmin/.m2/repository/org/mongodb/mongodb-driver-core/3.3.0/mongodb-driver-core-3.3.0.jar:/Users/mcadmin/.m2/repository/org/mongodb/bson/3.3.0/bson-3.3.0.jar:/Users/mcadmin/.m2/repository/com/google/code/gson/gson/2.8.5/gson-2.8.5.jar:/Users/mcadmin/.m2/repository/log4j/log4j/1.2.17/log4j-1.2.17.jar:"/>
    <property name="sun.cpu.endian" value="little"/>
    <property name="user.home" value="/Users/mcadmin"/>
    <property name="user.language" value="en"/>
    <property name="java.specification.vendor" value="Oracle Corporation"/>
    <property name="java.home" value="/Library/Java/JavaVirtualMachines/jdk1.8.0_65.jdk/Contents/Home/jre"/>
    <property name="basedir" value="/Users/mcadmin/IdeaProjects/HybridFramework"/>
    <property name="file.separator" value="/"/>
    <property name="line.separator" value="&#10;"/>
    <property name="java.vm.specification.vendor" value="Oracle Corporation"/>
    <property name="java.specification.name" value="Java Platform API Specification"/>
    <property name="java.awt.graphicsenv" value="sun.awt.CGraphicsEnvironment"/>
    <property name="surefire.real.class.path" value="/Users/mcadmin/IdeaProjects/HybridFramework/target/surefire/surefirebooter-20230615121606010_3.jar"/>
    <property name="sun.boot.class.path" value="/Library/Java/JavaVirtualMachines/jdk1.8.0_65.jdk/Contents/Home/jre/lib/resources.jar:/Library/Java/JavaVirtualMachines/jdk1.8.0_65.jdk/Contents/Home/jre/lib/rt.jar:/Library/Java/JavaVirtualMachines/jdk1.8.0_65.jdk/Contents/Home/jre/lib/sunrsasign.jar:/Library/Java/JavaVirtualMachines/jdk1.8.0_65.jdk/Contents/Home/jre/lib/jsse.jar:/Library/Java/JavaVirtualMachines/jdk1.8.0_65.jdk/Contents/Home/jre/lib/jce.jar:/Library/Java/JavaVirtualMachines/jdk1.8.0_65.jdk/Contents/Home/jre/lib/charsets.jar:/Library/Java/JavaVirtualMachines/jdk1.8.0_65.jdk/Contents/Home/jre/lib/jfr.jar:/Library/Java/JavaVirtualMachines/jdk1.8.0_65.jdk/Contents/Home/jre/classes"/>
    <property name="sun.management.compiler" value="HotSpot 64-Bit Tiered Compilers"/>
    <property name="java.runtime.version" value="1.8.0_65-b17"/>
    <property name="user.name" value="mcadmin"/>
    <property name="path.separator" value=":"/>
    <property name="os.version" value="10.16"/>
    <property name="java.endorsed.dirs" value="/Library/Java/JavaVirtualMachines/jdk1.8.0_65.jdk/Contents/Home/jre/lib/endorsed"/>
    <property name="java.runtime.name" value="Java(TM) SE Runtime Environment"/>
    <property name="file.encoding" value="UTF-8"/>
    <property name="java.vm.name" value="Java HotSpot(TM) 64-Bit Server VM"/>
    <property name="localRepository" value="/Users/mcadmin/.m2/repository"/>
    <property name="java.vendor.url.bug" value="http://bugreport.sun.com/bugreport/"/>
    <property name="java.io.tmpdir" value="/var/folders/b0/thq1p5k16d15r6s01d1r6mx40000gn/T/"/>
    <property name="java.version" value="1.8.0_65"/>
    <property name="user.dir" value="/Users/mcadmin/IdeaProjects/HybridFramework"/>
    <property name="os.arch" value="x86_64"/>
    <property name="java.vm.specification.name" value="Java Virtual Machine Specification"/>
    <property name="java.awt.printerjob" value="sun.lwawt.macosx.CPrinterJob"/>
    <property name="sun.os.patch.level" value="unknown"/>
    <property name="java.library.path" value="/Users/mcadmin/Library/Java/Extensions:/Library/Java/Extensions:/Network/Library/Java/Extensions:/System/Library/Java/Extensions:/usr/lib/java:."/>
    <property name="java.vm.info" value="mixed mode"/>
    <property name="java.vendor" value="Oracle Corporation"/>
    <property name="java.vm.version" value="25.65-b01"/>
    <property name="java.ext.dirs" value="/Users/mcadmin/Library/Java/Extensions:/Library/Java/JavaVirtualMachines/jdk1.8.0_65.jdk/Contents/Home/jre/lib/ext:/Library/Java/Extensions:/Network/Library/Java/Extensions:/System/Library/Java/Extensions:/usr/lib/java"/>
    <property name="sun.io.unicode.encoding" value="UnicodeBig"/>
    <property name="java.class.version" value="52.0"/>
  </properties>
  <testcase name="logintest" classname="com.qa.testCases.LoginTest" time="3.16">
    <system-out><![CDATA[INFO  TestLogger - Opened the url..
INFO  TestLogger - Entered Username..
INFO  TestLogger - Login Test Passed
]]></system-out>
    <system-err><![CDATA[SLF4J: Failed to load class "org.slf4j.impl.StaticLoggerBinder".
SLF4J: Defaulting to no-operation (NOP) logger implementation
SLF4J: See http://www.slf4j.org/codes.html#StaticLoggerBinder for further details.
ERROR StatusLogger Log4j2 could not find a logging implementation. Please add log4j-core to the classpath. Using SimpleLogger to log to the console...
Starting ChromeDriver 114.0.5735.90 (386bc09e8f4f2e025eddae123f36f6263096ae49-refs/branch-heads/5735@{#1052}) on port 35292
Only local connections are allowed.
Please see https://chromedriver.chromium.org/security-considerations for suggestions on keeping ChromeDriver safe.
ChromeDriver was started successfully.
Jun 15, 2023 12:16:13 PM org.openqa.selenium.devtools.CdpVersionFinder findNearestMatch
WARNING: Unable to find an exact match for CDP version 114, so returning the closest version found: 111
]]></system-err>
  </testcase>
  <testcase name="logintest[mngr26593, 1234567@](1)" classname="com.qa.testCases.LoginTest_DataDriven" time="2.165">
    <system-out><![CDATA[INFO  TestLogger - Opened the url..
INFO  TestLogger - Entered Username..
INFO  TestLogger - Entered Password..
INFO  TestLogger - Login Passed
]]></system-out>
    <system-err><![CDATA[Starting ChromeDriver 114.0.5735.90 (386bc09e8f4f2e025eddae123f36f6263096ae49-refs/branch-heads/5735@{#1052}) on port 8950
Only local connections are allowed.
Please see https://chromedriver.chromium.org/security-considerations for suggestions on keeping ChromeDriver safe.
ChromeDriver was started successfully.
Jun 15, 2023 12:16:21 PM org.openqa.selenium.devtools.CdpVersionFinder findNearestMatch
WARNING: Unable to find an exact match for CDP version 114, so returning the closest version found: 111
]]></system-err>
  </testcase>
  <testcase name="logintest[morpheus2, morpheus2](2)" classname="com.qa.testCases.LoginTest_DataDriven" time="1.175">
    <failure message="expected [true] but found [false]" type="java.lang.AssertionError"><![CDATA[java.lang.AssertionError: expected [true] but found [false]
	at org.testng.Assert.fail(Assert.java:99)
	at org.testng.Assert.failNotEquals(Assert.java:1037)
	at org.testng.Assert.assertTrue(Assert.java:45)
	at org.testng.Assert.assertTrue(Assert.java:55)
	at com.qa.testCases.LoginTest_DataDriven.logintest(LoginTest_DataDriven.java:29)
	at sun.reflect.NativeMethodAccessorImpl.invoke0(Native Method)
	at sun.reflect.NativeMethodAccessorImpl.invoke(NativeMethodAccessorImpl.java:62)
	at sun.reflect.DelegatingMethodAccessorImpl.invoke(DelegatingMethodAccessorImpl.java:43)
	at java.lang.reflect.Method.invoke(Method.java:497)
	at org.testng.internal.MethodInvocationHelper.invokeMethod(MethodInvocationHelper.java:133)
	at org.testng.internal.TestInvoker.invokeMethod(TestInvoker.java:598)
	at org.testng.internal.TestInvoker.invokeTestMethod(TestInvoker.java:173)
	at org.testng.internal.MethodRunner.runInSequence(MethodRunner.java:46)
	at org.testng.internal.TestInvoker$MethodInvocationAgent.invoke(TestInvoker.java:824)
	at org.testng.internal.TestInvoker.invokeTestMethods(TestInvoker.java:146)
	at org.testng.internal.TestMethodWorker.invokeTestMethods(TestMethodWorker.java:146)
	at org.testng.internal.TestMethodWorker.run(TestMethodWorker.java:128)
	at java.util.ArrayList.forEach(ArrayList.java:1249)
	at org.testng.TestRunner.privateRun(TestRunner.java:794)
	at org.testng.TestRunner.run(TestRunner.java:596)
	at org.testng.SuiteRunner.runTest(SuiteRunner.java:377)
	at org.testng.SuiteRunner.runSequentially(SuiteRunner.java:371)
	at org.testng.SuiteRunner.privateRun(SuiteRunner.java:332)
	at org.testng.SuiteRunner.run(SuiteRunner.java:276)
	at org.testng.SuiteRunnerWorker.runSuite(SuiteRunnerWorker.java:53)
	at org.testng.SuiteRunnerWorker.run(SuiteRunnerWorker.java:96)
	at org.testng.TestNG.runSuitesSequentially(TestNG.java:1212)
	at org.testng.TestNG.runSuitesLocally(TestNG.java:1134)
	at org.testng.TestNG.runSuites(TestNG.java:1063)
	at org.testng.TestNG.run(TestNG.java:1031)
	at org.apache.maven.surefire.testng.TestNGExecutor.run(TestNGExecutor.java:324)
	at org.apache.maven.surefire.testng.TestNGXmlTestSuite.execute(TestNGXmlTestSuite.java:74)
	at org.apache.maven.surefire.testng.TestNGProvider.invoke(TestNGProvider.java:123)
	at org.apache.maven.surefire.booter.ForkedBooter.runSuitesInProcess(ForkedBooter.java:456)
	at org.apache.maven.surefire.booter.ForkedBooter.execute(ForkedBooter.java:169)
	at org.apache.maven.surefire.booter.ForkedBooter.run(ForkedBooter.java:595)
	at org.apache.maven.surefire.booter.ForkedBooter.main(ForkedBooter.java:581)
]]></failure>
    <system-out><![CDATA[INFO  TestLogger - Opened the url..
INFO  TestLogger - Entered Username..
INFO  TestLogger - Entered Password..
]]></system-out>
  </testcase>
  <testcase name="logintest[morpheus3, morpheus3](3)" classname="com.qa.testCases.LoginTest_DataDriven" time="1.129">
    <failure message="expected [true] but found [false]" type="java.lang.AssertionError"><![CDATA[java.lang.AssertionError: expected [true] but found [false]
	at org.testng.Assert.fail(Assert.java:99)
	at org.testng.Assert.failNotEquals(Assert.java:1037)
	at org.testng.Assert.assertTrue(Assert.java:45)
	at org.testng.Assert.assertTrue(Assert.java:55)
	at com.qa.testCases.LoginTest_DataDriven.logintest(LoginTest_DataDriven.java:29)
	at sun.reflect.NativeMethodAccessorImpl.invoke0(Native Method)
	at sun.reflect.NativeMethodAccessorImpl.invoke(NativeMethodAccessorImpl.java:62)
	at sun.reflect.DelegatingMethodAccessorImpl.invoke(DelegatingMethodAccessorImpl.java:43)
	at java.lang.reflect.Method.invoke(Method.java:497)
	at org.testng.internal.MethodInvocationHelper.invokeMethod(MethodInvocationHelper.java:133)
	at org.testng.internal.TestInvoker.invokeMethod(TestInvoker.java:598)
	at org.testng.internal.TestInvoker.invokeTestMethod(TestInvoker.java:173)
	at org.testng.internal.MethodRunner.runInSequence(MethodRunner.java:46)
	at org.testng.internal.TestInvoker$MethodInvocationAgent.invoke(TestInvoker.java:824)
	at org.testng.internal.TestInvoker.invokeTestMethods(TestInvoker.java:146)
	at org.testng.internal.TestMethodWorker.invokeTestMethods(TestMethodWorker.java:146)
	at org.testng.internal.TestMethodWorker.run(TestMethodWorker.java:128)
	at java.util.ArrayList.forEach(ArrayList.java:1249)
	at org.testng.TestRunner.privateRun(TestRunner.java:794)
	at org.testng.TestRunner.run(TestRunner.java:596)
	at org.testng.SuiteRunner.runTest(SuiteRunner.java:377)
	at org.testng.SuiteRunner.runSequentially(SuiteRunner.java:371)
	at org.testng.SuiteRunner.privateRun(SuiteRunner.java:332)
	at org.testng.SuiteRunner.run(SuiteRunner.java:276)
	at org.testng.SuiteRunnerWorker.runSuite(SuiteRunnerWorker.java:53)
	at org.testng.SuiteRunnerWorker.run(SuiteRunnerWorker.java:96)
	at org.testng.TestNG.runSuitesSequentially(TestNG.java:1212)
	at org.testng.TestNG.runSuitesLocally(TestNG.java:1134)
	at org.testng.TestNG.runSuites(TestNG.java:1063)
	at org.testng.TestNG.run(TestNG.java:1031)
	at org.apache.maven.surefire.testng.TestNGExecutor.run(TestNGExecutor.java:324)
	at org.apache.maven.surefire.testng.TestNGXmlTestSuite.execute(TestNGXmlTestSuite.java:74)
	at org.apache.maven.surefire.testng.TestNGProvider.invoke(TestNGProvider.java:123)
	at org.apache.maven.surefire.booter.ForkedBooter.runSuitesInProcess(ForkedBooter.java:456)
	at org.apache.maven.surefire.booter.ForkedBooter.execute(ForkedBooter.java:169)
	at org.apache.maven.surefire.booter.ForkedBooter.run(ForkedBooter.java:595)
	at org.apache.maven.surefire.booter.ForkedBooter.main(ForkedBooter.java:581)
]]></failure>
    <system-out><![CDATA[INFO  TestLogger - Opened the url..
INFO  TestLogger - Entered Username..
INFO  TestLogger - Entered Password..
]]></system-out>
  </testcase>
</testsuite>