<?xml version="1.0" encoding="UTF-8"?>
<!-- Generated by org.testng.reporters.JUnitReportReporter -->
<testsuite hostname="mcadmins-MacBook-Pro-2.local" failures="0" tests="1" name="com.qa.testCases.LoginTest" time="1.430" errors="0" timestamp="2023-06-09T17:35:01 EDT" skipped="0">
  <testcase classname="com.qa.testCases.LoginTest" name="logintest" time="1.430"/>
  <system-out/>
</testsuite> <!-- com.qa.testCases.LoginTest -->
