<?xml version="1.0" encoding="UTF-8"?>
<!-- Generated by org.testng.reporters.JUnitReportReporter -->
<testsuite skipped="0" hostname="mcadmins-MBP-2.lan" name="com.qa.testCases.LoginTest" tests="1" failures="0" timestamp="2023-06-15T12:16:30 EDT" time="3.157" errors="0">
  <testcase name="logintest" time="3.157" classname="com.qa.testCases.LoginTest"/>
  <system-out/>
</testsuite> <!-- com.qa.testCases.LoginTest -->
